<?xml version="1.0" encoding="UTF-8"?>
<testsuite xmlns:xsi="http://www.w3.org/2001/XMLSchema-instance" xsi:noNamespaceSchemaLocation="https://maven.apache.org/surefire/maven-surefire-plugin/xsd/surefire-test-report-3.0.xsd" version="3.0" name="com.keeboarder.server.HttpApiIntegrationTest" time="0.597" tests="1" errors="0" skipped="0" failures="0">
  <properties>
[...]
</properties>
  <testcase name="clientConnectsListedAndReceivesHttpSentMessage" classname="com.keeboarder.server.HttpApiIntegrationTest" time="0.562">
    <system-err><![CDATA[SLF4J: Failed to load class "org.slf4j.impl.StaticLoggerBinder".
SLF4J: Defaulting to no-operation (NOP) logger implementation
SLF4J: See http://www.slf4j.org/codes.html#StaticLoggerBinder for further details.
Jun 21, 2026 10:01:26 PM org.glassfish.grizzly.http.server.NetworkListener start
INFO: Started listener bound to [0.0.0.0:8031]
Jun 21, 2026 10:01:26 PM org.glassfish.grizzly.http.server.HttpServer start
INFO: [HttpServer] Started.
Jun 21, 2026 10:01:26 PM org.glassfish.tyrus.server.Server start
INFO: WebSocket Registered apps: URLs all start with ws://localhost:8031
Jun 21, 2026 10:01:26 PM org.glassfish.tyrus.server.Server start
INFO: WebSocket server started.
Jun 21, 2026 10:01:27 PM org.glassfish.grizzly.http.server.NetworkListener shutdownNow
INFO: Stopped listener bound to [0.0.0.0:8031]
Jun 21, 2026 10:01:27 PM org.glassfish.tyrus.server.Server stop
INFO: Websocket Server stopped.
]]></system-err>
  </testcase>
</testsuite>